<?xml version="1.0" encoding="UTF-8"?>
<testng-results skipped="0" failed="0" ignored="0" total="1" passed="1">
  <reporter-output>
  </reporter-output>
  <suite name="Default suite" duration-ms="5985" started-at="2020-05-08T16:18:16 EDT" finished-at="2020-05-08T16:18:22 EDT">
    <groups>
    </groups>
    <test name="Default test" duration-ms="5985" started-at="2020-05-08T16:18:16 EDT" finished-at="2020-05-08T16:18:22 EDT">
      <class name="ValidateTestPages.SignUpPage">
        <test-method status="PASS" signature="realTest()[pri:0, instance:ValidateTestPages.SignUpPage@2833cc44]" name="realTest" duration-ms="5951" started-at="2020-05-08T16:18:16 EDT" finished-at="2020-05-08T16:18:22 EDT">
          <reporter-output>
          </reporter-output>
        </test-method> <!-- realTest -->
      </class> <!-- ValidateTestPages.SignUpPage -->
    </test> <!-- Default test -->
  </suite> <!-- Default suite -->
</testng-results>
